<?xml version="1.0" encoding="UTF-8"?>
<!-- Generated by org.testng.reporters.JUnitReportReporter -->
<testsuite hostname="DESKTOP-VF6R5DT" failures="0" tests="13" name="AutomationFinalProject.AutomationFinalProject.AppTest" time="3.605" errors="0" timestamp="2025-05-02T02:22:16 EET" skipped="8">
  <testcase classname="AutomationFinalProject.AutomationFinalProject.AppTest" name="ChangeWebsiteLanguage" time="0.601"/>
  <testcase classname="AutomationFinalProject.AutomationFinalProject.AppTest" name="ChangeWebsiteLanguage" time="0.966"/>
  <testcase classname="AutomationFinalProject.AutomationFinalProject.AppTest" name="ChangeWebsiteLanguage" time="0.691"/>
  <testcase classname="AutomationFinalProject.AutomationFinalProject.AppTest" name="ChangeWebsiteLanguage" time="0.696"/>
  <testcase classname="AutomationFinalProject.AutomationFinalProject.AppTest" name="ChangeWebsiteLanguage" time="0.651"/>
  <testcase classname="AutomationFinalProject.AutomationFinalProject.AppTest" name="CheckCurrency">
    <skipped/>
  </testcase> <!-- CheckCurrency -->
  <testcase classname="AutomationFinalProject.AutomationFinalProject.AppTest" name="CheckQitafLogo">
    <skipped/>
  </testcase> <!-- CheckQitafLogo -->
  <testcase classname="AutomationFinalProject.AutomationFinalProject.AppTest" name="WelcomPageTapSelectedCheck">
    <skipped/>
  </testcase> <!-- WelcomPageTapSelectedCheck -->
  <testcase classname="AutomationFinalProject.AutomationFinalProject.AppTest" name="CheckContactNumber">
    <skipped/>
  </testcase> <!-- CheckContactNumber -->
  <testcase classname="AutomationFinalProject.AutomationFinalProject.AppTest" name="DepartureDateCheck">
    <skipped/>
  </testcase> <!-- DepartureDateCheck -->
  <testcase classname="AutomationFinalProject.AutomationFinalProject.AppTest" name="StaysTabIsNotSelectedByDefault">
    <skipped/>
  </testcase> <!-- StaysTabIsNotSelectedByDefault -->
  <testcase classname="AutomationFinalProject.AutomationFinalProject.AppTest" name="ReturnDateCheck">
    <skipped/>
  </testcase> <!-- ReturnDateCheck -->
  <testcase classname="AutomationFinalProject.AutomationFinalProject.AppTest" name="CheckWebsiteLanguage">
    <skipped/>
  </testcase> <!-- CheckWebsiteLanguage -->
</testsuite> <!-- AutomationFinalProject.AutomationFinalProject.AppTest -->
