<?xml version="1.0" encoding="UTF-8"?>
<!-- Generated by org.testng.reporters.JUnitReportReporter -->
<testsuite hostname="DESKTOP-VF6R5DT" failures="0" tests="4" name="AutomationFinalProject.AutomationFinalProject.AppTest" time="0.550" errors="0" timestamp="2025-05-01T03:23:40 EET" skipped="0">
  <testcase classname="AutomationFinalProject.AutomationFinalProject.AppTest" name="CheckWebsiteLanguage" time="0.276"/>
  <testcase classname="AutomationFinalProject.AutomationFinalProject.AppTest" name="CheckCurrency" time="0.086"/>
  <testcase classname="AutomationFinalProject.AutomationFinalProject.AppTest" name="CheckContactNumber" time="0.075"/>
  <testcase classname="AutomationFinalProject.AutomationFinalProject.AppTest" name="CheckQitafLogo" time="0.113"/>
</testsuite> <!-- AutomationFinalProject.AutomationFinalProject.AppTest -->
